Removed Pin From Net: NetName=GND Pin=SW5-1
Removed Pin From Net: NetName=NetSW3_2 Pin=U1-6
Removed Pin From Net: NetName=NetSW4_2 Pin=U1-7
Removed Member From Class: ClassName=Sheet1 Member=SW5
Change Component Footprint: Designator=SW3 Old Footprint=TSW DIP-6*6*8 New Footprint=TSW DIP-6*6*6
Change Component Footprint: Designator=SW4 Old Footprint=TSW DIP-6*6*8 New Footprint=TSW DIP-6*6*6
Added Component: Designator=SW2(TSW DIP-6*6*6)
Add component. Clean all parameters for all variants
Add component (AddParameter): Name = "BOM名称"; Value = "直插6x6轻触开关"; VariantName = "[No Variations]"
Add component (AddParameter): Name = "学习资源"; Value = "www.ooocke.com"; VariantName = "[No Variations]"
Add component (AddParameter): Name = "版权归属"; Value = "源创客"; VariantName = "[No Variations]"
Added Pin To Net: NetName=GND Pin=SW2-1
Added Pin To Net: NetName=GND Pin=SW2-4
Added Pin To Net: NetName=NetSW3_2 Pin=SW3-3
Added Pin To Net: NetName=GND Pin=SW3-4
Added Pin To Net: NetName=NetSW4_2 Pin=SW4-3
Added Pin To Net: NetName=GND Pin=SW4-4
Added Pin To Net: NetName=NetSW3_2 Pin=U1-7
Added Pin To Net: NetName=NetSW4_2 Pin=U1-8
Added Pin To Net: NetName=NetSW2_2 Pin=SW2-2
Added Pin To Net: NetName=NetSW2_2 Pin=SW2-3
Added Pin To Net: NetName=NetSW2_2 Pin=U1-6
Added Net: Name=NetSW2_2
Added Member To Class: ClassName=Sheet1 Member=Component SW2 6x6x5
Added Room: Name=Sheet1
