Added Component: Designator=C1(C 0805_M)
Add component. Clean all parameters for all variants
Added Component: Designator=C2(CAP 7.5*16*25 - BK)
Add component. Clean all parameters for all variants
Added Component: Designator=C3(CAP 7.5*16*25 - BK)
Add component. Clean all parameters for all variants
Added Component: Designator=C4(RAD0.2)
Add component. Clean all parameters for all variants
Added Component: Designator=C5(RAD0.2)
Add component. Clean all parameters for all variants
Added Component: Designator=C6(RAD0.1)
Add component. Clean all parameters for all variants
Added Component: Designator=C15(CAP 5.0*12.5*25-H)
Add component. Clean all parameters for all variants
Add component (AddParameter): Name = "BOM名称"; Value = "直插固态电容"; VariantName = "[No Variations]"
Add component (AddParameter): Name = "学习资源"; Value = "www.ooocke.com"; VariantName = "[No Variations]"
Add component (AddParameter): Name = "版权归属"; Value = "源创客"; VariantName = "[No Variations]"
Added Component: Designator=CY1(XTAL-1)
Add component. Clean all parameters for all variants
Added Component: Designator=D1(SOD-123)
Add component. Clean all parameters for all variants
Add component (AddParameter): Name = "BOM名称"; Value = "整流二极管"; VariantName = "[No Variations]"
Add component (AddParameter): Name = "学习资源"; Value = "www.ooocke.com"; VariantName = "[No Variations]"
Add component (AddParameter): Name = "版权归属"; Value = "源创客"; VariantName = "[No Variations]"
Added Component: Designator=D2(SOD-123)
Add component. Clean all parameters for all variants
Add component (AddParameter): Name = "BOM名称"; Value = "整流二极管"; VariantName = "[No Variations]"
Add component (AddParameter): Name = "学习资源"; Value = "www.ooocke.com"; VariantName = "[No Variations]"
Add component (AddParameter): Name = "版权归属"; Value = "源创客"; VariantName = "[No Variations]"
Added Component: Designator=D3(SOD-123)
Add component. Clean all parameters for all variants
Add component (AddParameter): Name = "BOM名称"; Value = "整流二极管"; VariantName = "[No Variations]"
Add component (AddParameter): Name = "学习资源"; Value = "www.ooocke.com"; VariantName = "[No Variations]"
Add component (AddParameter): Name = "版权归属"; Value = "源创客"; VariantName = "[No Variations]"
Added Component: Designator=D4(SOD-123)
Add component. Clean all parameters for all variants
Add component (AddParameter): Name = "BOM名称"; Value = "整流二极管"; VariantName = "[No Variations]"
Add component (AddParameter): Name = "学习资源"; Value = "www.ooocke.com"; VariantName = "[No Variations]"
Add component (AddParameter): Name = "版权归属"; Value = "源创客"; VariantName = "[No Variations]"
Added Component: Designator=D5(SOD-123)
Add component. Clean all parameters for all variants
Add component (AddParameter): Name = "BOM名称"; Value = "整流二极管"; VariantName = "[No Variations]"
Add component (AddParameter): Name = "学习资源"; Value = "www.ooocke.com"; VariantName = "[No Variations]"
Add component (AddParameter): Name = "版权归属"; Value = "源创客"; VariantName = "[No Variations]"
Added Component: Designator=D6(SOD-123)
Add component. Clean all parameters for all variants
Add component (AddParameter): Name = "BOM名称"; Value = "整流二极管"; VariantName = "[No Variations]"
Add component (AddParameter): Name = "学习资源"; Value = "www.ooocke.com"; VariantName = "[No Variations]"
Add component (AddParameter): Name = "版权归属"; Value = "源创客"; VariantName = "[No Variations]"
Added Component: Designator=D7(SOD-123)
Add component. Clean all parameters for all variants
Add component (AddParameter): Name = "BOM名称"; Value = "整流二极管"; VariantName = "[No Variations]"
Add component (AddParameter): Name = "学习资源"; Value = "www.ooocke.com"; VariantName = "[No Variations]"
Add component (AddParameter): Name = "版权归属"; Value = "源创客"; VariantName = "[No Variations]"
Added Component: Designator=D8(SOD-123)
Add component. Clean all parameters for all variants
Add component (AddParameter): Name = "BOM名称"; Value = "整流二极管"; VariantName = "[No Variations]"
Add component (AddParameter): Name = "学习资源"; Value = "www.ooocke.com"; VariantName = "[No Variations]"
Add component (AddParameter): Name = "版权归属"; Value = "源创客"; VariantName = "[No Variations]"
Added Component: Designator=J1(SIP4)
Add component. Clean all parameters for all variants
Added Component: Designator=J2(SIP4)
Add component. Clean all parameters for all variants
Added Component: Designator=J3(SIP4)
Add component. Clean all parameters for all variants
Added Component: Designator=J4(SIP4)
Add component. Clean all parameters for all variants
Added Component: Designator=J5(SIP4)
Add component. Clean all parameters for all variants
Added Component: Designator=J6(SIP2)
Add component. Clean all parameters for all variants
Added Component: Designator=J7(SIP2)
Add component. Clean all parameters for all variants
Added Component: Designator=J8(SIP4)
Add component. Clean all parameters for all variants
Added Component: Designator=L298N(L298N)
Add component. Clean all parameters for all variants
Added Component: Designator=LED2(LED 3MM-B)
Add component. Clean all parameters for all variants
Add component (AddParameter): Name = "BOM名称"; Value = "插件LED"; VariantName = "[No Variations]"
Add component (AddParameter): Name = "学习资源"; Value = "www.ooocke.com"; VariantName = "[No Variations]"
Add component (AddParameter): Name = "版权归属"; Value = "源创客"; VariantName = "[No Variations]"
Added Component: Designator=LED3(LED 3MM-B)
Add component. Clean all parameters for all variants
Add component (AddParameter): Name = "BOM名称"; Value = "插件LED"; VariantName = "[No Variations]"
Add component (AddParameter): Name = "学习资源"; Value = "www.ooocke.com"; VariantName = "[No Variations]"
Add component (AddParameter): Name = "版权归属"; Value = "源创客"; VariantName = "[No Variations]"
Added Component: Designator=LED4(LED 3MM-B)
Add component. Clean all parameters for all variants
Add component (AddParameter): Name = "BOM名称"; Value = "插件LED"; VariantName = "[No Variations]"
Add component (AddParameter): Name = "学习资源"; Value = "www.ooocke.com"; VariantName = "[No Variations]"
Add component (AddParameter): Name = "版权归属"; Value = "源创客"; VariantName = "[No Variations]"
Added Component: Designator=LED5(LED 3MM-B)
Add component. Clean all parameters for all variants
Add component (AddParameter): Name = "BOM名称"; Value = "插件LED"; VariantName = "[No Variations]"
Add component (AddParameter): Name = "学习资源"; Value = "www.ooocke.com"; VariantName = "[No Variations]"
Add component (AddParameter): Name = "版权归属"; Value = "源创客"; VariantName = "[No Variations]"
Added Component: Designator=M1(M3x65_N)
Add component. Clean all parameters for all variants
Add component (AddParameter): Name = "BOM名称"; Value = "铜柱孔"; VariantName = "[No Variations]"
Add component (AddParameter): Name = "学习资源"; Value = "www.ooocke.com"; VariantName = "[No Variations]"
Add component (AddParameter): Name = "版权归属"; Value = "源创客"; VariantName = "[No Variations]"
Added Component: Designator=M2(M3x65_N)
Add component. Clean all parameters for all variants
Add component (AddParameter): Name = "BOM名称"; Value = "铜柱孔"; VariantName = "[No Variations]"
Add component (AddParameter): Name = "学习资源"; Value = "www.ooocke.com"; VariantName = "[No Variations]"
Add component (AddParameter): Name = "版权归属"; Value = "源创客"; VariantName = "[No Variations]"
Added Component: Designator=M3(M3x65_N)
Add component. Clean all parameters for all variants
Add component (AddParameter): Name = "BOM名称"; Value = "铜柱孔"; VariantName = "[No Variations]"
Add component (AddParameter): Name = "学习资源"; Value = "www.ooocke.com"; VariantName = "[No Variations]"
Add component (AddParameter): Name = "版权归属"; Value = "源创客"; VariantName = "[No Variations]"
Added Component: Designator=M4(M3x65_N)
Add component. Clean all parameters for all variants
Add component (AddParameter): Name = "BOM名称"; Value = "铜柱孔"; VariantName = "[No Variations]"
Add component (AddParameter): Name = "学习资源"; Value = "www.ooocke.com"; VariantName = "[No Variations]"
Add component (AddParameter): Name = "版权归属"; Value = "源创客"; VariantName = "[No Variations]"
Added Component: Designator=P1(HDR1.27-LI-2P)
Add component. Clean all parameters for all variants
Add component (AddParameter): Name = "BOM名称"; Value = "2P接插件"; VariantName = "[No Variations]"
Add component (AddParameter): Name = "学习资源"; Value = "www.ooocke.com"; VariantName = "[No Variations]"
Add component (AddParameter): Name = "版权归属"; Value = "源创客"; VariantName = "[No Variations]"
Added Component: Designator=P2(HDR1.27-LI-2P)
Add component. Clean all parameters for all variants
Add component (AddParameter): Name = "BOM名称"; Value = "2P接插件"; VariantName = "[No Variations]"
Add component (AddParameter): Name = "学习资源"; Value = "www.ooocke.com"; VariantName = "[No Variations]"
Add component (AddParameter): Name = "版权归属"; Value = "源创客"; VariantName = "[No Variations]"
Added Component: Designator=R10(RS 1/2W)
Add component. Clean all parameters for all variants
Add component (AddParameter): Name = "BOM名称"; Value = "色环电阻"; VariantName = "[No Variations]"
Add component (AddParameter): Name = "学习资源"; Value = "www.ooocke.com"; VariantName = "[No Variations]"
Add component (AddParameter): Name = "版权归属"; Value = "源创客"; VariantName = "[No Variations]"
Added Component: Designator=R11(RS 1/2W)
Add component. Clean all parameters for all variants
Add component (AddParameter): Name = "BOM名称"; Value = "色环电阻"; VariantName = "[No Variations]"
Add component (AddParameter): Name = "学习资源"; Value = "www.ooocke.com"; VariantName = "[No Variations]"
Add component (AddParameter): Name = "版权归属"; Value = "源创客"; VariantName = "[No Variations]"
Added Component: Designator=R12(RS 1/2W)
Add component. Clean all parameters for all variants
Add component (AddParameter): Name = "BOM名称"; Value = "色环电阻"; VariantName = "[No Variations]"
Add component (AddParameter): Name = "学习资源"; Value = "www.ooocke.com"; VariantName = "[No Variations]"
Add component (AddParameter): Name = "版权归属"; Value = "源创客"; VariantName = "[No Variations]"
Added Component: Designator=R13(RS 1/2W)
Add component. Clean all parameters for all variants
Add component (AddParameter): Name = "BOM名称"; Value = "色环电阻"; VariantName = "[No Variations]"
Add component (AddParameter): Name = "学习资源"; Value = "www.ooocke.com"; VariantName = "[No Variations]"
Add component (AddParameter): Name = "版权归属"; Value = "源创客"; VariantName = "[No Variations]"
Added Component: Designator=R14(RS 1/2W)
Add component. Clean all parameters for all variants
Add component (AddParameter): Name = "BOM名称"; Value = "色环电阻"; VariantName = "[No Variations]"
Add component (AddParameter): Name = "学习资源"; Value = "www.ooocke.com"; VariantName = "[No Variations]"
Add component (AddParameter): Name = "版权归属"; Value = "源创客"; VariantName = "[No Variations]"
Added Component: Designator=R15(RS 1/2W)
Add component. Clean all parameters for all variants
Add component (AddParameter): Name = "BOM名称"; Value = "色环电阻"; VariantName = "[No Variations]"
Add component (AddParameter): Name = "学习资源"; Value = "www.ooocke.com"; VariantName = "[No Variations]"
Add component (AddParameter): Name = "版权归属"; Value = "源创客"; VariantName = "[No Variations]"
Added Component: Designator=R16(RS 1/2W)
Add component. Clean all parameters for all variants
Add component (AddParameter): Name = "BOM名称"; Value = "色环电阻"; VariantName = "[No Variations]"
Add component (AddParameter): Name = "学习资源"; Value = "www.ooocke.com"; VariantName = "[No Variations]"
Add component (AddParameter): Name = "版权归属"; Value = "源创客"; VariantName = "[No Variations]"
Added Component: Designator=R17(RS 1/2W)
Add component. Clean all parameters for all variants
Add component (AddParameter): Name = "BOM名称"; Value = "色环电阻"; VariantName = "[No Variations]"
Add component (AddParameter): Name = "学习资源"; Value = "www.ooocke.com"; VariantName = "[No Variations]"
Add component (AddParameter): Name = "版权归属"; Value = "源创客"; VariantName = "[No Variations]"
Added Component: Designator=R18(RS 1/2W)
Add component. Clean all parameters for all variants
Add component (AddParameter): Name = "BOM名称"; Value = "色环电阻"; VariantName = "[No Variations]"
Add component (AddParameter): Name = "学习资源"; Value = "www.ooocke.com"; VariantName = "[No Variations]"
Add component (AddParameter): Name = "版权归属"; Value = "源创客"; VariantName = "[No Variations]"
Added Component: Designator=R19(RS 1/2W)
Add component. Clean all parameters for all variants
Add component (AddParameter): Name = "BOM名称"; Value = "色环电阻"; VariantName = "[No Variations]"
Add component (AddParameter): Name = "学习资源"; Value = "www.ooocke.com"; VariantName = "[No Variations]"
Add component (AddParameter): Name = "版权归属"; Value = "源创客"; VariantName = "[No Variations]"
Added Component: Designator=R20(RS 1/2W)
Add component. Clean all parameters for all variants
Add component (AddParameter): Name = "BOM名称"; Value = "色环电阻"; VariantName = "[No Variations]"
Add component (AddParameter): Name = "学习资源"; Value = "www.ooocke.com"; VariantName = "[No Variations]"
Add component (AddParameter): Name = "版权归属"; Value = "源创客"; VariantName = "[No Variations]"
Added Component: Designator=SMG2(SMG 0.8-4P)
Add component. Clean all parameters for all variants
Add component (AddParameter): Name = "BOM名称"; Value = "0.8寸4位共阴"; VariantName = "[No Variations]"
Add component (AddParameter): Name = "学习资源"; Value = "www.ooocke.com"; VariantName = "[No Variations]"
Add component (AddParameter): Name = "版权归属"; Value = "源创客"; VariantName = "[No Variations]"
Added Component: Designator=SW1(KFC DIP-7X7)
Add component. Clean all parameters for all variants
Add component (AddParameter): Name = "BOM名称"; Value = "7*7自锁开关"; VariantName = "[No Variations]"
Add component (AddParameter): Name = "学习资源"; Value = "www.ooocke.com"; VariantName = "[No Variations]"
Add component (AddParameter): Name = "版权归属"; Value = "源创客"; VariantName = "[No Variations]"
Added Component: Designator=SW3(KFC DIP-7X7)
Add component. Clean all parameters for all variants
Add component (AddParameter): Name = "BOM名称"; Value = "直插6x6轻触开关"; VariantName = "[No Variations]"
Add component (AddParameter): Name = "学习资源"; Value = "www.ooocke.com"; VariantName = "[No Variations]"
Add component (AddParameter): Name = "版权归属"; Value = "源创客"; VariantName = "[No Variations]"
Added Component: Designator=SW4(KFC DIP-7X7)
Add component. Clean all parameters for all variants
Add component (AddParameter): Name = "BOM名称"; Value = "直插6x6轻触开关"; VariantName = "[No Variations]"
Add component (AddParameter): Name = "学习资源"; Value = "www.ooocke.com"; VariantName = "[No Variations]"
Add component (AddParameter): Name = "版权归属"; Value = "源创客"; VariantName = "[No Variations]"
Added Component: Designator=SW5(KFC DIP-7X7)
Add component. Clean all parameters for all variants
Add component (AddParameter): Name = "BOM名称"; Value = "直插6x6轻触开关"; VariantName = "[No Variations]"
Add component (AddParameter): Name = "学习资源"; Value = "www.ooocke.com"; VariantName = "[No Variations]"
Add component (AddParameter): Name = "版权归属"; Value = "源创客"; VariantName = "[No Variations]"
Added Component: Designator=U1(DIP40-600)
Add component. Clean all parameters for all variants
Added Component: Designator=U2(TO126)
Add component. Clean all parameters for all variants
Added Pin To Net: NetName=VCC Pin=C2-1
Added Pin To Net: NetName=VCC Pin=C4-1
Added Pin To Net: NetName=VCC Pin=C15-1
Added Pin To Net: NetName=VCC Pin=J3-1
Added Pin To Net: NetName=VCC Pin=J3-2
Added Pin To Net: NetName=VCC Pin=J3-3
Added Pin To Net: NetName=VCC Pin=J3-4
Added Pin To Net: NetName=VCC Pin=J4-1
Added Pin To Net: NetName=VCC Pin=J5-4
Added Pin To Net: NetName=VCC Pin=U2-3
Added Pin To Net: NetName=12V Pin=C3-1
Added Pin To Net: NetName=12V Pin=C5-1
Added Pin To Net: NetName=12V Pin=D1-2
Added Pin To Net: NetName=12V Pin=D2-2
Added Pin To Net: NetName=12V Pin=D3-2
Added Pin To Net: NetName=12V Pin=D4-2
Added Pin To Net: NetName=12V Pin=J1-1
Added Pin To Net: NetName=12V Pin=J1-2
Added Pin To Net: NetName=12V Pin=J1-3
Added Pin To Net: NetName=12V Pin=J1-4
Added Pin To Net: NetName=12V Pin=L298N-4
Added Pin To Net: NetName=12V Pin=SW1-5
Added Pin To Net: NetName=12V Pin=U2-1
Added Net: Name=12V
Added Pin To Net: NetName=GND Pin=C1-1
Added Pin To Net: NetName=GND Pin=C2-2
Added Pin To Net: NetName=GND Pin=C3-2
Added Pin To Net: NetName=GND Pin=C4-2
Added Pin To Net: NetName=GND Pin=C5-2
Added Pin To Net: NetName=GND Pin=C6-1
Added Pin To Net: NetName=GND Pin=D5-1
Added Pin To Net: NetName=GND Pin=D6-1
Added Pin To Net: NetName=GND Pin=D7-1
Added Pin To Net: NetName=GND Pin=D8-1
Added Pin To Net: NetName=GND Pin=J4-3
Added Pin To Net: NetName=GND Pin=J5-1
Added Pin To Net: NetName=GND Pin=J7-1
Added Pin To Net: NetName=GND Pin=J7-2
Added Pin To Net: NetName=GND Pin=J8-1
Added Pin To Net: NetName=GND Pin=J8-2
Added Pin To Net: NetName=GND Pin=J8-3
Added Pin To Net: NetName=GND Pin=J8-4
Added Pin To Net: NetName=GND Pin=L298N-1
Added Pin To Net: NetName=GND Pin=L298N-8
Added Pin To Net: NetName=GND Pin=L298N-15
Added Pin To Net: NetName=GND Pin=R10-2
Added Pin To Net: NetName=GND Pin=SW4-1
Added Pin To Net: NetName=GND Pin=U2-2
Added Net: Name=GND
Added Pin To Net: NetName=NetC1_2 Pin=C1-2
Added Pin To Net: NetName=NetC1_2 Pin=CY1-1
Added Pin To Net: NetName=NetC1_2 Pin=U1-19
Added Net: Name=NetC1_2
Added Pin To Net: NetName=NetC6_2 Pin=C6-2
Added Pin To Net: NetName=NetC6_2 Pin=CY1-2
Added Pin To Net: NetName=NetC6_2 Pin=U1-18
Added Net: Name=NetC6_2
Added Pin To Net: NetName=NetD1_1 Pin=D1-1
Added Pin To Net: NetName=NetD1_1 Pin=D5-2
Added Pin To Net: NetName=NetD1_1 Pin=L298N-2
Added Pin To Net: NetName=NetD1_1 Pin=P1-1
Added Pin To Net: NetName=NetD1_1 Pin=R19-2
Added Net: Name=NetD1_1
Added Pin To Net: NetName=NetD2_1 Pin=D2-1
Added Pin To Net: NetName=NetD2_1 Pin=D6-2
Added Pin To Net: NetName=NetD2_1 Pin=L298N-3
Added Pin To Net: NetName=NetD2_1 Pin=LED2-1
Added Pin To Net: NetName=NetD2_1 Pin=LED3-2
Added Pin To Net: NetName=NetD2_1 Pin=P1-2
Added Net: Name=NetD2_1
Added Pin To Net: NetName=NetD3_1 Pin=D3-1
Added Pin To Net: NetName=NetD3_1 Pin=D7-2
Added Pin To Net: NetName=NetD3_1 Pin=L298N-13
Added Pin To Net: NetName=NetD3_1 Pin=LED4-2
Added Pin To Net: NetName=NetD3_1 Pin=LED5-1
Added Pin To Net: NetName=NetD3_1 Pin=P2-1
Added Net: Name=NetD3_1
Added Pin To Net: NetName=NetD4_1 Pin=D4-1
Added Pin To Net: NetName=NetD4_1 Pin=D8-2
Added Pin To Net: NetName=NetD4_1 Pin=L298N-14
Added Pin To Net: NetName=NetD4_1 Pin=P2-2
Added Pin To Net: NetName=NetD4_1 Pin=R20-2
Added Net: Name=NetD4_1
Added Pin To Net: NetName=NetJ6_1 Pin=J6-1
Added Pin To Net: NetName=NetJ6_1 Pin=J6-2
Added Pin To Net: NetName=NetJ6_1 Pin=SW1-6
Added Net: Name=NetJ6_1
Added Pin To Net: NetName=NetLED2_2 Pin=LED2-2
Added Pin To Net: NetName=NetLED2_2 Pin=LED3-1
Added Pin To Net: NetName=NetLED2_2 Pin=R19-1
Added Net: Name=NetLED2_2
Added Pin To Net: NetName=NetLED4_1 Pin=LED4-1
Added Pin To Net: NetName=NetLED4_1 Pin=LED5-2
Added Pin To Net: NetName=NetLED4_1 Pin=R20-1
Added Net: Name=NetLED4_1
Added Pin To Net: NetName=NetR11_1 Pin=R11-1
Added Pin To Net: NetName=NetR11_1 Pin=SMG2-11
Added Net: Name=NetR11_1
Added Pin To Net: NetName=NetR11_2 Pin=R11-2
Added Pin To Net: NetName=NetR11_2 Pin=U1-39
Added Net: Name=NetR11_2
Added Pin To Net: NetName=NetR12_1 Pin=R12-1
Added Pin To Net: NetName=NetR12_1 Pin=SMG2-7
Added Net: Name=NetR12_1
Added Pin To Net: NetName=NetR12_2 Pin=R12-2
Added Pin To Net: NetName=NetR12_2 Pin=U1-38
Added Net: Name=NetR12_2
Added Pin To Net: NetName=NetR13_1 Pin=R13-1
Added Pin To Net: NetName=NetR13_1 Pin=SMG2-4
Added Net: Name=NetR13_1
Added Pin To Net: NetName=NetR13_2 Pin=R13-2
Added Pin To Net: NetName=NetR13_2 Pin=U1-37
Added Net: Name=NetR13_2
Added Pin To Net: NetName=NetR14_1 Pin=R14-1
Added Pin To Net: NetName=NetR14_1 Pin=SMG2-2
Added Net: Name=NetR14_1
Added Pin To Net: NetName=NetR14_2 Pin=R14-2
Added Pin To Net: NetName=NetR14_2 Pin=U1-36
Added Net: Name=NetR14_2
Added Pin To Net: NetName=NetR15_1 Pin=R15-1
Added Pin To Net: NetName=NetR15_1 Pin=SMG2-1
Added Net: Name=NetR15_1
Added Pin To Net: NetName=NetR15_2 Pin=R15-2
Added Pin To Net: NetName=NetR15_2 Pin=U1-35
Added Net: Name=NetR15_2
Added Pin To Net: NetName=NetR16_1 Pin=R16-1
Added Pin To Net: NetName=NetR16_1 Pin=SMG2-10
Added Net: Name=NetR16_1
Added Pin To Net: NetName=NetR16_2 Pin=R16-2
Added Pin To Net: NetName=NetR16_2 Pin=U1-34
Added Net: Name=NetR16_2
Added Pin To Net: NetName=NetR17_1 Pin=R17-1
Added Pin To Net: NetName=NetR17_1 Pin=SMG2-5
Added Net: Name=NetR17_1
Added Pin To Net: NetName=NetR17_2 Pin=R17-2
Added Pin To Net: NetName=NetR17_2 Pin=U1-33
Added Net: Name=NetR17_2
Added Pin To Net: NetName=NetR18_1 Pin=R18-1
Added Pin To Net: NetName=NetR18_1 Pin=SMG2-3
Added Net: Name=NetR18_1
Added Pin To Net: NetName=NetR18_2 Pin=R18-2
Added Pin To Net: NetName=NetR18_2 Pin=U1-32
Added Net: Name=NetR18_2
Added Pin To Net: NetName=NetSMG2_6 Pin=SMG2-6
Added Pin To Net: NetName=NetSMG2_6 Pin=U1-1
Added Net: Name=NetSMG2_6
Added Pin To Net: NetName=NetSMG2_8 Pin=SMG2-8
Added Pin To Net: NetName=NetSMG2_8 Pin=U1-2
Added Net: Name=NetSMG2_8
Added Pin To Net: NetName=NetSMG2_9 Pin=SMG2-9
Added Pin To Net: NetName=NetSMG2_9 Pin=U1-3
Added Net: Name=NetSMG2_9
Added Pin To Net: NetName=NetSMG2_12 Pin=SMG2-12
Added Pin To Net: NetName=NetSMG2_12 Pin=U1-4
Added Net: Name=NetSMG2_12
Added Pin To Net: NetName=NetSW3_1 Pin=SW3-1
Added Pin To Net: NetName=NetSW3_1 Pin=SW5-1
Added Net: Name=NetSW3_1
Added Pin To Net: NetName=NetSW3_2 Pin=SW3-2
Added Pin To Net: NetName=NetSW3_2 Pin=U1-6
Added Net: Name=NetSW3_2
Added Pin To Net: NetName=NetSW4_2 Pin=SW4-2
Added Pin To Net: NetName=NetSW4_2 Pin=U1-7
Added Net: Name=NetSW4_2
Added Pin To Net: NetName=NetSW5_2 Pin=SW5-2
Added Pin To Net: NetName=NetSW5_2 Pin=U1-8
Added Net: Name=NetSW5_2
Added Pin To Net: NetName=P20 Pin=J2-4
Added Pin To Net: NetName=P20 Pin=L298N-5
Added Pin To Net: NetName=P20 Pin=U1-21
Added Net: Name=P20
Added Pin To Net: NetName=P21 Pin=J2-3
Added Pin To Net: NetName=P21 Pin=L298N-7
Added Pin To Net: NetName=P21 Pin=U1-22
Added Net: Name=P21
Added Pin To Net: NetName=P22 Pin=J2-2
Added Pin To Net: NetName=P22 Pin=L298N-10
Added Pin To Net: NetName=P22 Pin=U1-23
Added Net: Name=P22
Added Pin To Net: NetName=P23 Pin=J2-1
Added Pin To Net: NetName=P23 Pin=L298N-12
Added Pin To Net: NetName=P23 Pin=U1-24
Added Net: Name=P23
Added Pin To Net: NetName=P24 Pin=L298N-6
Added Pin To Net: NetName=P24 Pin=U1-25
Added Net: Name=P24
Added Pin To Net: NetName=P25 Pin=L298N-11
Added Pin To Net: NetName=P25 Pin=U1-26
Added Net: Name=P25
Added Pin To Net: NetName=P30(RXD) Pin=J5-3
Added Pin To Net: NetName=P30(RXD) Pin=U1-10
Added Net: Name=P30(RXD)
Added Pin To Net: NetName=P31(TXD) Pin=J5-2
Added Pin To Net: NetName=P31(TXD) Pin=U1-11
Added Net: Name=P31(TXD)
Added Pin To Net: NetName=P35 Pin=J4-2
Added Pin To Net: NetName=P35 Pin=U1-15
Added Net: Name=P35
Added Pin To Net: NetName=RST Pin=C15-2
Added Pin To Net: NetName=RST Pin=R10-1
Added Pin To Net: NetName=RST Pin=U1-9
Added Net: Name=RST
Added Member To Class: ClassName=Sheet1 Member=Component C1 22pF
Added Member To Class: ClassName=Sheet1 Member=Component C2 100uF
Added Member To Class: ClassName=Sheet1 Member=Component C3 100uF
Added Member To Class: ClassName=Sheet1 Member=Component C4 104
Added Member To Class: ClassName=Sheet1 Member=Component C5 104
Added Member To Class: ClassName=Sheet1 Member=Component C6 22pF
Added Member To Class: ClassName=Sheet1 Member=Component C15 22uF
Added Member To Class: ClassName=Sheet1 Member=Component CY1 11.0592MHz
Added Member To Class: ClassName=Sheet1 Member=Component D1 1N4007
Added Member To Class: ClassName=Sheet1 Member=Component D2 1N4007
Added Member To Class: ClassName=Sheet1 Member=Component D3 1N4007
Added Member To Class: ClassName=Sheet1 Member=Component D4 1N4007
Added Member To Class: ClassName=Sheet1 Member=Component D5 1N4007
Added Member To Class: ClassName=Sheet1 Member=Component D6 1N4007
Added Member To Class: ClassName=Sheet1 Member=Component D7 1N4007
Added Member To Class: ClassName=Sheet1 Member=Component D8 1N4007
Added Member To Class: ClassName=Sheet1 Member=Component J1 CON4
Added Member To Class: ClassName=Sheet1 Member=Component J2 CON4
Added Member To Class: ClassName=Sheet1 Member=Component J3 CON4
Added Member To Class: ClassName=Sheet1 Member=Component J4 ITR9608
Added Member To Class: ClassName=Sheet1 Member=Component J5 CON4
Added Member To Class: ClassName=Sheet1 Member=Component J6 12V
Added Member To Class: ClassName=Sheet1 Member=Component J7 GND
Added Member To Class: ClassName=Sheet1 Member=Component J8 CON4
Added Member To Class: ClassName=Sheet1 Member=Component L298N
Added Member To Class: ClassName=Sheet1 Member=Component LED2 红色
Added Member To Class: ClassName=Sheet1 Member=Component LED3 红色
Added Member To Class: ClassName=Sheet1 Member=Component LED4 红色
Added Member To Class: ClassName=Sheet1 Member=Component LED5 红色
Added Member To Class: ClassName=Sheet1 Member=Component M1 M3
Added Member To Class: ClassName=Sheet1 Member=Component M2 M3
Added Member To Class: ClassName=Sheet1 Member=Component M3
Added Member To Class: ClassName=Sheet1 Member=Component M4 M3
Added Member To Class: ClassName=Sheet1 Member=Component P1 电机1
Added Member To Class: ClassName=Sheet1 Member=Component P2 电机2
Added Member To Class: ClassName=Sheet1 Member=Component R10 10K
Added Member To Class: ClassName=Sheet1 Member=Component R11 1k
Added Member To Class: ClassName=Sheet1 Member=Component R12 1k
Added Member To Class: ClassName=Sheet1 Member=Component R13 1k
Added Member To Class: ClassName=Sheet1 Member=Component R14 1k
Added Member To Class: ClassName=Sheet1 Member=Component R15 1k
Added Member To Class: ClassName=Sheet1 Member=Component R16 1k
Added Member To Class: ClassName=Sheet1 Member=Component R17 1k
Added Member To Class: ClassName=Sheet1 Member=Component R18 1k
Added Member To Class: ClassName=Sheet1 Member=Component R19 1K
Added Member To Class: ClassName=Sheet1 Member=Component R20 1K
Added Member To Class: ClassName=Sheet1 Member=Component SMG2 8041A
Added Member To Class: ClassName=Sheet1 Member=Component SW1 KFC 7X7
Added Member To Class: ClassName=Sheet1 Member=Component SW3 6x6x5
Added Member To Class: ClassName=Sheet1 Member=Component SW4 6x6x5
Added Member To Class: ClassName=Sheet1 Member=Component SW5 6x6x5
Added Member To Class: ClassName=Sheet1 Member=Component U1 STC12C5A60S2
Added Member To Class: ClassName=Sheet1 Member=Component U2 7805
Added Room: Name=Sheet1
